Script started on Fri 22 Sep 2017 07:37:54 PM PDT
]0;ahoag@ubuntu: ~/CS6210/cs6210Project1_test/test/memoryahoag@ubuntu:~/CS6210/cs6210Project1_test/test/memory$ python monitor.py 
firsttest: 512.0 291.94140625
secondtest: 512.0 293.63671875
thirdtest: 512.0 286.6171875
fourthtest: 512.0 289.79296875
--------------------------------------------------------------------------------
total  :              4318296 KiB
free   :               446980 KiB
buffers:                29224 KiB
cached :              1270496 KiB


--------------------------------------------------------------------------------
firsttest: 512.0 291.94140625
secondtest: 512.0 293.63671875
thirdtest: 512.0 286.6171875
fourthtest: 512.0 289.79296875
--------------------------------------------------------------------------------
total  :              4318296 KiB
free   :               446600 KiB
buffers:                29224 KiB
cached :              1270496 KiB


--------------------------------------------------------------------------------
firsttest: 512.0 291.65234375
secondtest: 512.0 293.63671875
thirdtest: 512.0 286.6171875
fourthtest: 512.0 289.79296875
--------------------------------------------------------------------------------
total  :              4318296 KiB
free   :               444668 KiB
buffers:                29232 KiB
cached :              1270496 KiB


--------------------------------------------------------------------------------
firsttest: 512.0 291.66796875
secondtest: 512.0 293.65234375
thirdtest: 512.0 286.19140625
fourthtest: 512.0 289.79296875
--------------------------------------------------------------------------------
total  :              4318296 KiB
free   :               442604 KiB
buffers:                29232 KiB
cached :              1270496 KiB


--------------------------------------------------------------------------------
firsttest: 512.0 291.66796875
secondtest: 512.0 293.66796875
thirdtest: 512.0 286.22265625
fourthtest: 512.0 289.82421875
--------------------------------------------------------------------------------
total  :              4318296 KiB
free   :               442744 KiB
buffers:                29232 KiB
cached :              1270496 KiB


--------------------------------------------------------------------------------
firsttest: 512.0 291.66796875
secondtest: 512.0 293.66796875
thirdtest: 512.0 286.22265625
fourthtest: 512.0 289.82421875
--------------------------------------------------------------------------------
total  :              4318296 KiB
free   :               442572 KiB
buffers:                29232 KiB
cached :              1270496 KiB


--------------------------------------------------------------------------------
firsttest: 512.0 291.66796875
secondtest: 512.0 293.66796875
thirdtest: 512.0 286.22265625
fourthtest: 512.0 289.82421875
--------------------------------------------------------------------------------
total  :              4318296 KiB
free   :               422008 KiB
buffers:                29240 KiB
cached :              1270488 KiB


--------------------------------------------------------------------------------
firsttest: 512.0 279.84765625
secondtest: 512.0 282.32421875
thirdtest: 512.0 274.66796875
fourthtest: 512.0 277.30078125
--------------------------------------------------------------------------------
total  :              4318296 KiB
free   :               425912 KiB
buffers:                29240 KiB
cached :              1270508 KiB


--------------------------------------------------------------------------------
firsttest: 512.0 262.2890625
secondtest: 512.0 264.64453125
thirdtest: 512.0 256.98828125
fourthtest: 512.0 255.140625
--------------------------------------------------------------------------------
total  :              4318296 KiB
free   :               386184 KiB
buffers:                29240 KiB
cached :              1270572 KiB


--------------------------------------------------------------------------------
firsttest: 512.0 244.3671875
secondtest: 512.0 247.5703125
thirdtest: 512.0 238.58203125
fourthtest: 512.0 236.12890625
--------------------------------------------------------------------------------
total  :              4318296 KiB
free   :               310188 KiB
buffers:                29264 KiB
cached :              1270692 KiB


--------------------------------------------------------------------------------
firsttest: 512.0 225.83984375
secondtest: 512.0 225.41015625
thirdtest: 512.0 219.44921875
fourthtest: 512.0 214.2109375
--------------------------------------------------------------------------------
total  :              4318296 KiB
free   :               225896 KiB
buffers:                29264 KiB
cached :              1270768 KiB


--------------------------------------------------------------------------------
firsttest: 512.0 205.1328125
secondtest: 512.0 206.640625
thirdtest: 512.0 201.28515625
fourthtest: 512.0 194.71484375
--------------------------------------------------------------------------------
total  :              4318296 KiB
free   :               139568 KiB
buffers:                29264 KiB
cached :              1270908 KiB


--------------------------------------------------------------------------------
firsttest: 512.0 190.72265625
secondtest: 512.0 191.01953125
thirdtest: 512.0 191.9609375
fourthtest: 512.0 186.23828125
--------------------------------------------------------------------------------
total  :              4318296 KiB
free   :               277880 KiB
buffers:                29268 KiB
cached :              1253304 KiB


--------------------------------------------------------------------------------
firsttest: 512.0 184.42578125
secondtest: 214.0 89.90234375
thirdtest: 512.0 179.48828125
fourthtest: 512.0 173.0390625
--------------------------------------------------------------------------------
total  :              4318296 KiB
free   :               444220 KiB
buffers:                29268 KiB
cached :              1209500 KiB


--------------------------------------------------------------------------------
firsttest: 512.0 172.2265625
secondtest: 214.0 89.96484375
thirdtest: 512.0 159.62890625
fourthtest: 512.0 159.4765625
--------------------------------------------------------------------------------
total  :              4318296 KiB
free   :               414164 KiB
buffers:                29292 KiB
cached :              1195088 KiB


--------------------------------------------------------------------------------
firsttest: 512.0 153.3359375
secondtest: 214.0 89.96484375
thirdtest: 214.0 82.6953125
fourthtest: 512.0 142.88671875
--------------------------------------------------------------------------------
total  :              4318296 KiB
free   :               435148 KiB
buffers:                29292 KiB
cached :              1184908 KiB


--------------------------------------------------------------------------------
firsttest: 512.0 134.08203125
secondtest: 214.0 89.96484375
thirdtest: 214.0 82.6953125
fourthtest: 512.0 122.30078125
--------------------------------------------------------------------------------
total  :              4318296 KiB
free   :               395676 KiB
buffers:                29300 KiB
cached :              1184900 KiB


--------------------------------------------------------------------------------
firsttest: 512.0 119.06640625
secondtest: 214.0 89.96484375
thirdtest: 214.0 82.6953125
fourthtest: 512.0 101.01953125
--------------------------------------------------------------------------------
total  :              4318296 KiB
free   :               371868 KiB
buffers:                29300 KiB
cached :              1184908 KiB


--------------------------------------------------------------------------------
firsttest: 512.0 116.64453125
secondtest: 214.0 89.96484375
thirdtest: 214.0 82.6953125
fourthtest: 214.0 96.78125
--------------------------------------------------------------------------------
total  :              4318296 KiB
free   :               470232 KiB
buffers:                29300 KiB
cached :              1184908 KiB


--------------------------------------------------------------------------------
firsttest: 512.0 95.81640625
secondtest: 214.0 89.96484375
thirdtest: 214.0 82.6953125
fourthtest: 214.0 86.2265625
--------------------------------------------------------------------------------
total  :              4318296 KiB
free   :               447176 KiB
buffers:                29300 KiB
cached :              1184912 KiB


--------------------------------------------------------------------------------
firsttest: 512.0 74.01953125
secondtest: 214.0 89.96484375
thirdtest: 214.0 82.6953125
fourthtest: 214.0 86.2265625
--------------------------------------------------------------------------------
total  :              4318296 KiB
free   :               419624 KiB
buffers:                29300 KiB
cached :              1184948 KiB


--------------------------------------------------------------------------------
firsttest: 214.0 92.16796875
secondtest: 214.0 89.96484375
thirdtest: 214.0 82.6953125
fourthtest: 214.0 86.2265625
--------------------------------------------------------------------------------
total  :              4318296 KiB
free   :               572444 KiB
buffers:                29308 KiB
cached :              1184948 KiB


--------------------------------------------------------------------------------
firsttest: 214.0 92.16796875
secondtest: 214.0 89.96484375
thirdtest: 214.0 82.6953125
fourthtest: 214.0 86.2265625
--------------------------------------------------------------------------------
total  :              4318296 KiB
free   :               572568 KiB
buffers:                29308 KiB
cached :              1184948 KiB


--------------------------------------------------------------------------------
firsttest: 214.0 91.5625
secondtest: 214.0 89.96484375
thirdtest: 214.0 82.57421875
fourthtest: 214.0 85.984375
--------------------------------------------------------------------------------
total  :              4318296 KiB
free   :               572820 KiB
buffers:                29316 KiB
cached :              1184948 KiB


--------------------------------------------------------------------------------
firsttest: 214.0 91.59375
secondtest: 214.0 89.48046875
thirdtest: 214.0 82.57421875
fourthtest: 214.0 85.984375
--------------------------------------------------------------------------------
total  :              4318296 KiB
free   :               572380 KiB
buffers:                29316 KiB
cached :              1184956 KiB


--------------------------------------------------------------------------------
firsttest: 214.0 91.59375
secondtest: 214.0 89.51171875
thirdtest: 214.0 81.7578125
fourthtest: 214.0 85.2890625
--------------------------------------------------------------------------------
total  :              4318296 KiB
free   :               572440 KiB
buffers:                29316 KiB
cached :              1184956 KiB


--------------------------------------------------------------------------------
firsttest: 214.0 91.625
secondtest: 214.0 89.51171875
thirdtest: 214.0 81.7578125
fourthtest: 214.0 85.2890625
--------------------------------------------------------------------------------
total  :              4318296 KiB
free   :               572440 KiB
buffers:                29324 KiB
cached :              1184948 KiB


--------------------------------------------------------------------------------
firsttest: 214.0 91.625
secondtest: 214.0 89.54296875
thirdtest: 214.0 81.7578125
fourthtest: 214.0 85.2890625
--------------------------------------------------------------------------------
total  :              4318296 KiB
free   :               572316 KiB
buffers:                29324 KiB
cached :              1184956 KiB


--------------------------------------------------------------------------------
firsttest: 214.0 91.4375
secondtest: 214.0 89.54296875
thirdtest: 214.0 81.7578125
fourthtest: 214.0 85.2890625
--------------------------------------------------------------------------------
total  :              4318296 KiB
free   :               572136 KiB
buffers:                29324 KiB
cached :              1184956 KiB


--------------------------------------------------------------------------------
firsttest: 214.0 91.4375
secondtest: 214.0 89.54296875
thirdtest: 214.0 81.7890625
fourthtest: 214.0 85.3203125
--------------------------------------------------------------------------------
total  :              4318296 KiB
free   :               572260 KiB
buffers:                29324 KiB
cached :              1184960 KiB


--------------------------------------------------------------------------------
firsttest: 214.0 91.4375
secondtest: 214.0 89.35546875
thirdtest: 214.0 81.7890625
fourthtest: 214.0 85.3203125
--------------------------------------------------------------------------------
total  :              4318296 KiB
free   :               572260 KiB
buffers:                29324 KiB
cached :              1184960 KiB


--------------------------------------------------------------------------------
firsttest: 214.0 91.4375
secondtest: 214.0 89.35546875
thirdtest: 214.0 81.7890625
fourthtest: 214.0 85.1328125
--------------------------------------------------------------------------------
total  :              4318296 KiB
free   :               572756 KiB
buffers:                29332 KiB
cached :              1184960 KiB


--------------------------------------------------------------------------------
firsttest: 214.0 91.4375
secondtest: 214.0 89.35546875
thirdtest: 214.0 81.6015625
fourthtest: 214.0 85.1328125
--------------------------------------------------------------------------------
total  :              4318296 KiB
free   :               572532 KiB
buffers:                29332 KiB
cached :              1184960 KiB


--------------------------------------------------------------------------------
firsttest: 214.0 91.4375
secondtest: 214.0 89.35546875
thirdtest: 214.0 81.6015625
fourthtest: 214.0 85.1328125
--------------------------------------------------------------------------------
total  :              4318296 KiB
free   :               572656 KiB
buffers:                29332 KiB
cached :              1184960 KiB


--------------------------------------------------------------------------------
firsttest: 214.0 91.4375
secondtest: 214.0 89.35546875
thirdtest: 214.0 81.6015625
fourthtest: 214.0 85.1328125
--------------------------------------------------------------------------------
total  :              4318296 KiB
free   :               572780 KiB
buffers:                29332 KiB
cached :              1184960 KiB


--------------------------------------------------------------------------------
firsttest: 214.0 91.4375
secondtest: 214.0 89.35546875
thirdtest: 214.0 81.6015625
fourthtest: 214.0 85.1328125
--------------------------------------------------------------------------------
total  :              4318296 KiB
free   :               541324 KiB
buffers:                29332 KiB
cached :              1185624 KiB


--------------------------------------------------------------------------------
firsttest: 214.0 71.015625
secondtest: 214.0 89.35546875
thirdtest: 214.0 81.6015625
fourthtest: 214.0 85.1328125
--------------------------------------------------------------------------------
total  :              4318296 KiB
free   :               520428 KiB
buffers:                29340 KiB
cached :              1185984 KiB


--------------------------------------------------------------------------------
firsttest: 214.0 71.046875
secondtest: 214.0 89.35546875
thirdtest: 214.0 81.6015625
fourthtest: 214.0 85.1328125
--------------------------------------------------------------------------------
total  :              4318296 KiB
free   :               520848 KiB
buffers:                29340 KiB
cached :              1185984 KiB


--------------------------------------------------------------------------------
firsttest: 214.0 71.078125
secondtest: 214.0 89.35546875
thirdtest: 214.0 81.6015625
fourthtest: 214.0 85.1328125
--------------------------------------------------------------------------------
total  :              4318296 KiB
free   :               518740 KiB
buffers:                29340 KiB
cached :              1185988 KiB


--------------------------------------------------------------------------------
firsttest: 214.0 70.6171875
secondtest: 214.0 89.35546875
thirdtest: 214.0 81.6015625
fourthtest: 214.0 85.1328125
--------------------------------------------------------------------------------
total  :              4318296 KiB
free   :               520912 KiB
buffers:                29348 KiB
cached :              1185988 KiB


--------------------------------------------------------------------------------
firsttest: 214.0 70.6171875
secondtest: 214.0 89.35546875
thirdtest: 214.0 81.6015625
fourthtest: 214.0 85.1328125
--------------------------------------------------------------------------------
total  :              4318296 KiB
free   :               520780 KiB
buffers:                29348 KiB
cached :              1185988 KiB


--------------------------------------------------------------------------------
firsttest: 214.0 70.6171875
secondtest: 214.0 89.35546875
thirdtest: 214.0 81.6015625
fourthtest: 214.0 85.1328125
--------------------------------------------------------------------------------
total  :              4318296 KiB
free   :               520904 KiB
buffers:                29352 KiB
cached :              1185988 KiB


--------------------------------------------------------------------------------
firsttest: 214.0 70.6171875
secondtest: 214.0 89.35546875
thirdtest: 214.0 81.6015625
fourthtest: 214.0 85.1328125
--------------------------------------------------------------------------------
total  :              4318296 KiB
free   :               523508 KiB
buffers:                29352 KiB
cached :              1185976 KiB


--------------------------------------------------------------------------------
firsttest: 214.0 70.6171875
secondtest: 214.0 89.35546875
thirdtest: 214.0 81.6015625
fourthtest: 214.0 85.1328125
--------------------------------------------------------------------------------
total  :              4318296 KiB
free   :               523660 KiB
buffers:                29352 KiB
cached :              1185976 KiB


--------------------------------------------------------------------------------
firsttest: 214.0 70.6171875
secondtest: 214.0 89.35546875
thirdtest: 214.0 81.6015625
fourthtest: 214.0 85.1328125
--------------------------------------------------------------------------------
total  :              4318296 KiB
free   :               523208 KiB
buffers:                29360 KiB
cached :              1185968 KiB


--------------------------------------------------------------------------------
firsttest: 214.0 70.6484375
secondtest: 214.0 89.35546875
thirdtest: 214.0 81.6015625
fourthtest: 214.0 85.1328125
--------------------------------------------------------------------------------
total  :              4318296 KiB
free   :               523084 KiB
buffers:                29360 KiB
cached :              1185976 KiB


--------------------------------------------------------------------------------
firsttest: 214.0 70.6484375
secondtest: 214.0 89.35546875
thirdtest: 214.0 81.6015625
fourthtest: 214.0 85.1328125
--------------------------------------------------------------------------------
total  :              4318296 KiB
free   :               523084 KiB
buffers:                29360 KiB
cached :              1185976 KiB


--------------------------------------------------------------------------------
firsttest: 214.0 70.6484375
secondtest: 214.0 89.35546875
thirdtest: 214.0 81.6015625
fourthtest: 214.0 85.1328125
--------------------------------------------------------------------------------
total  :              4318296 KiB
free   :               522960 KiB
buffers:                29360 KiB
cached :              1185976 KiB


--------------------------------------------------------------------------------
firsttest: 214.0 70.6484375
secondtest: 214.0 89.38671875
thirdtest: 214.0 81.6015625
fourthtest: 214.0 85.1328125
--------------------------------------------------------------------------------
total  :              4318296 KiB
free   :               523116 KiB
buffers:                29360 KiB
cached :              1185980 KiB


--------------------------------------------------------------------------------
exit
^CTraceback (most recent call last):
  File "monitor.py", line 54, in <module>
    s.run()
  File "/usr/lib/python2.7/sched.py", line 111, in run
    delayfunc(time - now)
KeyboardInterrupt
]0;ahoag@ubuntu: ~/CS6210/cs6210Project1_test/test/memoryahoag@ubuntu:~/CS6210/cs6210Project1_test/test/memory$ exit
exit

Script done on Fri 22 Sep 2017 07:39:54 PM PDT
