Script started on Fri 22 Sep 2017 07:34:01 PM PDT
]0;ahoag@ubuntu: ~/CS6210/cs6210Project1_test/test/memoryahoag@ubuntu:~/CS6210/cs6210Project1_test/test/memory$ python monitor.py 
firsttest: 512.0 283.6484375
secondtest: 512.0 289.328125
thirdtest: 512.0 349.26953125
fourthtest: 512.0 353.578125
--------------------------------------------------------------------------------
total  :              4318296 KiB
free   :               570652 KiB
buffers:                28736 KiB
cached :              1267868 KiB


--------------------------------------------------------------------------------
firsttest: 512.0 290.1484375
secondtest: 512.0 292.4765625
thirdtest: 512.0 294.2421875
fourthtest: 512.0 286.28125
--------------------------------------------------------------------------------
total  :              4318296 KiB
free   :               512780 KiB
buffers:                28744 KiB
cached :              1267936 KiB


--------------------------------------------------------------------------------
firsttest: 512.0 290.1484375
secondtest: 512.0 292.4765625
thirdtest: 512.0 294.2421875
fourthtest: 512.0 292.38671875
--------------------------------------------------------------------------------
total  :              4318296 KiB
free   :               512432 KiB
buffers:                28744 KiB
cached :              1267936 KiB


--------------------------------------------------------------------------------
firsttest: 512.0 290.1484375
secondtest: 512.0 292.05078125
thirdtest: 512.0 293.81640625
fourthtest: 512.0 291.93359375
--------------------------------------------------------------------------------
total  :              4318296 KiB
free   :               508436 KiB
buffers:                28744 KiB
cached :              1267936 KiB


--------------------------------------------------------------------------------
firsttest: 512.0 290.1796875
secondtest: 512.0 292.05078125
thirdtest: 512.0 293.84765625
fourthtest: 512.0 291.9609375
--------------------------------------------------------------------------------
total  :              4318296 KiB
free   :               509096 KiB
buffers:                28752 KiB
cached :              1267936 KiB


--------------------------------------------------------------------------------
firsttest: 512.0 290.1796875
secondtest: 512.0 292.08203125
thirdtest: 512.0 293.84765625
fourthtest: 512.0 291.9921875
--------------------------------------------------------------------------------
total  :              4318296 KiB
free   :               508072 KiB
buffers:                28752 KiB
cached :              1267936 KiB


--------------------------------------------------------------------------------
firsttest: 512.0 290.1796875
secondtest: 512.0 292.08203125
thirdtest: 512.0 293.84765625
fourthtest: 512.0 291.9921875
--------------------------------------------------------------------------------
total  :              4318296 KiB
free   :               508020 KiB
buffers:                28760 KiB
cached :              1267932 KiB


--------------------------------------------------------------------------------
firsttest: 512.0 289.75390625
secondtest: 512.0 292.08203125
thirdtest: 512.0 293.84765625
fourthtest: 512.0 291.9921875
--------------------------------------------------------------------------------
total  :              4318296 KiB
free   :               508656 KiB
buffers:                28760 KiB
cached :              1267936 KiB


--------------------------------------------------------------------------------
firsttest: 512.0 291.72265625
secondtest: 512.0 292.11328125
thirdtest: 512.0 293.84765625
fourthtest: 512.0 291.9921875
--------------------------------------------------------------------------------
total  :              4318296 KiB
free   :               508540 KiB
buffers:                28760 KiB
cached :              1267936 KiB


--------------------------------------------------------------------------------
firsttest: 512.0 291.72265625
secondtest: 512.0 292.11328125
thirdtest: 512.0 293.87890625
fourthtest: 512.0 292.14453125
--------------------------------------------------------------------------------
total  :              4318296 KiB
free   :               507168 KiB
buffers:                28768 KiB
cached :              1267928 KiB


--------------------------------------------------------------------------------
firsttest: 512.0 272.5078125
secondtest: 512.0 292.11328125
thirdtest: 512.0 293.87890625
fourthtest: 512.0 292.14453125
--------------------------------------------------------------------------------
total  :              4318296 KiB
free   :               507504 KiB
buffers:                28768 KiB
cached :              1267940 KiB


--------------------------------------------------------------------------------
firsttest: 512.0 250.34765625
secondtest: 512.0 292.11328125
thirdtest: 512.0 293.87890625
fourthtest: 512.0 292.14453125
--------------------------------------------------------------------------------
total  :              4318296 KiB
free   :               484820 KiB
buffers:                28768 KiB
cached :              1267940 KiB


--------------------------------------------------------------------------------
firsttest: 512.0 228.671875
secondtest: 512.0 292.11328125
thirdtest: 512.0 293.87890625
fourthtest: 512.0 292.14453125
--------------------------------------------------------------------------------
total  :              4318296 KiB
free   :               452828 KiB
buffers:                28784 KiB
cached :              1268012 KiB


--------------------------------------------------------------------------------
firsttest: 512.0 207.23828125
secondtest: 512.0 292.11328125
thirdtest: 512.0 293.87890625
fourthtest: 512.0 292.14453125
--------------------------------------------------------------------------------
total  :              4318296 KiB
free   :               423804 KiB
buffers:                28784 KiB
cached :              1268012 KiB


--------------------------------------------------------------------------------
firsttest: 512.0 186.2890625
secondtest: 512.0 292.11328125
thirdtest: 512.0 293.87890625
fourthtest: 512.0 292.0234375
--------------------------------------------------------------------------------
total  :              4318296 KiB
free   :               402704 KiB
buffers:                28792 KiB
cached :              1268132 KiB


--------------------------------------------------------------------------------
firsttest: 512.0 165.703125
secondtest: 214.0 74.2109375
thirdtest: 512.0 293.84765625
fourthtest: 512.0 292.0234375
--------------------------------------------------------------------------------
total  :              4318296 KiB
free   :               379512 KiB
buffers:                28808 KiB
cached :              1268304 KiB


--------------------------------------------------------------------------------
firsttest: 512.0 144.02734375
secondtest: 214.0 74.2109375
thirdtest: 512.0 293.84765625
fourthtest: 512.0 292.0234375
--------------------------------------------------------------------------------
total  :              4318296 KiB
free   :               354920 KiB
buffers:                28824 KiB
cached :              1268304 KiB


--------------------------------------------------------------------------------
firsttest: 512.0 120.3515625
secondtest: 214.0 74.08984375
thirdtest: 512.0 293.84765625
fourthtest: 512.0 292.0234375
--------------------------------------------------------------------------------
total  :              4318296 KiB
free   :               329596 KiB
buffers:                28824 KiB
cached :              1268664 KiB


--------------------------------------------------------------------------------
firsttest: 512.0 99.40234375
secondtest: 214.0 74.08984375
thirdtest: 214.0 76.32421875
fourthtest: 512.0 292.0234375
--------------------------------------------------------------------------------
total  :              4318296 KiB
free   :               313196 KiB
buffers:                28824 KiB
cached :              1268728 KiB


--------------------------------------------------------------------------------
firsttest: 512.0 79.1796875
secondtest: 214.0 74.12109375
thirdtest: 214.0 76.328125
fourthtest: 512.0 292.0234375
--------------------------------------------------------------------------------
total  :              4318296 KiB
free   :               290756 KiB
buffers:                28840 KiB
cached :              1268724 KiB


--------------------------------------------------------------------------------
firsttest: 512.0 70.9609375
secondtest: 214.0 74.12109375
thirdtest: 214.0 76.328125
fourthtest: 512.0 292.0546875
--------------------------------------------------------------------------------
total  :              4318296 KiB
free   :               280492 KiB
buffers:                28840 KiB
cached :              1268732 KiB


--------------------------------------------------------------------------------
firsttest: 512.0 64.7734375
secondtest: 214.0 74.12109375
thirdtest: 214.0 76.328125
fourthtest: 214.0 74.13671875
--------------------------------------------------------------------------------
total  :              4318296 KiB
free   :               282616 KiB
buffers:                28840 KiB
cached :              1268732 KiB


--------------------------------------------------------------------------------
firsttest: 512.0 84.09765625
secondtest: 214.0 74.12109375
thirdtest: 214.0 76.328125
fourthtest: 214.0 74.171875
--------------------------------------------------------------------------------
total  :              4318296 KiB
free   :               282664 KiB
buffers:                28848 KiB
cached :              1268732 KiB


--------------------------------------------------------------------------------
firsttest: 512.0 62.7734375
secondtest: 214.0 74.12109375
thirdtest: 214.0 76.328125
fourthtest: 214.0 74.171875
--------------------------------------------------------------------------------
total  :              4318296 KiB
free   :               280732 KiB
buffers:                28848 KiB
cached :              1268732 KiB


--------------------------------------------------------------------------------
firsttest: 214.0 86.3125
secondtest: 214.0 74.12109375
thirdtest: 214.0 76.328125
fourthtest: 214.0 74.171875
--------------------------------------------------------------------------------
total  :              4318296 KiB
free   :               466496 KiB
buffers:                28848 KiB
cached :              1268732 KiB


--------------------------------------------------------------------------------
firsttest: 214.0 86.3125
secondtest: 214.0 74.12109375
thirdtest: 214.0 76.328125
fourthtest: 214.0 74.171875
--------------------------------------------------------------------------------
total  :              4318296 KiB
free   :               466652 KiB
buffers:                28856 KiB
cached :              1268732 KiB


--------------------------------------------------------------------------------
firsttest: 214.0 86.3125
secondtest: 214.0 74.12109375
thirdtest: 214.0 76.328125
fourthtest: 214.0 74.171875
--------------------------------------------------------------------------------
total  :              4318296 KiB
free   :               469020 KiB
buffers:                28856 KiB
cached :              1268732 KiB


--------------------------------------------------------------------------------
firsttest: 214.0 86.3125
secondtest: 214.0 74.12109375
thirdtest: 214.0 76.328125
fourthtest: 214.0 74.171875
--------------------------------------------------------------------------------
total  :              4318296 KiB
free   :               468980 KiB
buffers:                28864 KiB
cached :              1268728 KiB


--------------------------------------------------------------------------------
firsttest: 214.0 86.19140625
secondtest: 214.0 74.12109375
thirdtest: 214.0 76.328125
fourthtest: 214.0 74.171875
--------------------------------------------------------------------------------
total  :              4318296 KiB
free   :               469212 KiB
buffers:                28864 KiB
cached :              1268732 KiB


--------------------------------------------------------------------------------
firsttest: 214.0 86.19140625
secondtest: 214.0 74.12109375
thirdtest: 214.0 76.328125
fourthtest: 214.0 74.171875
--------------------------------------------------------------------------------
total  :              4318296 KiB
free   :               471224 KiB
buffers:                28864 KiB
cached :              1268736 KiB


--------------------------------------------------------------------------------
firsttest: 214.0 85.49609375
secondtest: 214.0 74.12109375
thirdtest: 214.0 76.328125
fourthtest: 214.0 74.171875
--------------------------------------------------------------------------------
total  :              4318296 KiB
free   :               471016 KiB
buffers:                28864 KiB
cached :              1268736 KiB


--------------------------------------------------------------------------------
firsttest: 214.0 85.49609375
secondtest: 214.0 73.0625
thirdtest: 214.0 75.390625
fourthtest: 214.0 73.09765625
--------------------------------------------------------------------------------
total  :              4318296 KiB
free   :               470444 KiB
buffers:                28872 KiB
cached :              1268736 KiB


--------------------------------------------------------------------------------
firsttest: 214.0 85.49609375
secondtest: 214.0 73.0625
thirdtest: 214.0 75.390625
fourthtest: 214.0 73.11328125
--------------------------------------------------------------------------------
total  :              4318296 KiB
free   :               469984 KiB
buffers:                28872 KiB
cached :              1268736 KiB


--------------------------------------------------------------------------------
firsttest: 214.0 85.49609375
secondtest: 214.0 73.0625
thirdtest: 214.0 75.390625
fourthtest: 214.0 73.11328125
--------------------------------------------------------------------------------
total  :              4318296 KiB
free   :               470008 KiB
buffers:                28880 KiB
cached :              1268728 KiB


--------------------------------------------------------------------------------
firsttest: 214.0 85.49609375
secondtest: 214.0 73.0625
thirdtest: 214.0 75.390625
fourthtest: 214.0 73.11328125
--------------------------------------------------------------------------------
total  :              4318296 KiB
free   :               470200 KiB
buffers:                28880 KiB
cached :              1268736 KiB


--------------------------------------------------------------------------------
firsttest: 214.0 85.49609375
secondtest: 214.0 73.0625
thirdtest: 214.0 75.390625
fourthtest: 214.0 73.11328125
--------------------------------------------------------------------------------
total  :              4318296 KiB
free   :               470240 KiB
buffers:                28880 KiB
cached :              1268736 KiB


--------------------------------------------------------------------------------
firsttest: 214.0 85.52734375
secondtest: 214.0 73.09375
thirdtest: 214.0 75.421875
fourthtest: 214.0 73.14453125
--------------------------------------------------------------------------------
total  :              4318296 KiB
free   :               469596 KiB
buffers:                28884 KiB
cached :              1268736 KiB


--------------------------------------------------------------------------------
firsttest: 214.0 85.52734375
secondtest: 214.0 73.09375
thirdtest: 214.0 75.421875
fourthtest: 214.0 73.14453125
--------------------------------------------------------------------------------
total  :              4318296 KiB
free   :               469664 KiB
buffers:                28884 KiB
cached :              1268736 KiB


--------------------------------------------------------------------------------
firsttest: 214.0 85.33984375
secondtest: 214.0 73.09375
thirdtest: 214.0 75.421875
fourthtest: 214.0 73.14453125
--------------------------------------------------------------------------------
total  :              4318296 KiB
free   :               469704 KiB
buffers:                28884 KiB
cached :              1268740 KiB


--------------------------------------------------------------------------------
firsttest: 214.0 85.33984375
secondtest: 214.0 73.09375
thirdtest: 214.0 75.421875
fourthtest: 214.0 73.14453125
--------------------------------------------------------------------------------
total  :              4318296 KiB
free   :               425972 KiB
buffers:                28892 KiB
cached :              1268740 KiB


--------------------------------------------------------------------------------
firsttest: 214.0 65.5546875
secondtest: 214.0 73.09375
thirdtest: 214.0 75.421875
fourthtest: 214.0 73.14453125
--------------------------------------------------------------------------------
total  :              4318296 KiB
free   :               417764 KiB
buffers:                28892 KiB
cached :              1269492 KiB


--------------------------------------------------------------------------------
firsttest: 214.0 64.875
secondtest: 214.0 73.09375
thirdtest: 214.0 75.421875
fourthtest: 214.0 73.14453125
--------------------------------------------------------------------------------
total  :              4318296 KiB
free   :               417268 KiB
buffers:                28892 KiB
cached :              1269696 KiB


--------------------------------------------------------------------------------
firsttest: 214.0 64.875
secondtest: 214.0 73.09375
thirdtest: 214.0 75.421875
fourthtest: 214.0 73.14453125
--------------------------------------------------------------------------------
total  :              4318296 KiB
free   :               417292 KiB
buffers:                28900 KiB
cached :              1269696 KiB


--------------------------------------------------------------------------------
firsttest: 214.0 64.90625
secondtest: 214.0 72.609375
thirdtest: 214.0 74.9375
fourthtest: 214.0 73.14453125
--------------------------------------------------------------------------------
total  :              4318296 KiB
free   :               417384 KiB
buffers:                28900 KiB
cached :              1269696 KiB


--------------------------------------------------------------------------------
firsttest: 214.0 64.9375
secondtest: 214.0 72.609375
thirdtest: 214.0 74.9375
fourthtest: 214.0 72.78125
--------------------------------------------------------------------------------
total  :              4318296 KiB
free   :               417484 KiB
buffers:                28900 KiB
cached :              1269696 KiB


--------------------------------------------------------------------------------
^CTraceback (most recent call last):
  File "monitor.py", line 54, in <module>
    s.run()
  File "/usr/lib/python2.7/sched.py", line 111, in run
    delayfunc(time - now)
KeyboardInterrupt
]0;ahoag@ubuntu: ~/CS6210/cs6210Project1_test/test/memoryahoag@ubuntu:~/CS6210/cs6210Project1_test/test/memory$ exit
exit

Script done on Fri 22 Sep 2017 07:36:07 PM PDT
